mode: count
github.com/WeCanHearYou/wchy/app/handler.go:17.88,19.2 1 1
github.com/WeCanHearYou/wchy/app/handler.go:21.47,22.36 1 1
github.com/WeCanHearYou/wchy/app/handler.go:22.36,31.3 1 1
github.com/WeCanHearYou/wchy/app/renderer.go:26.56,31.18 4 1
github.com/WeCanHearYou/wchy/app/renderer.go:35.2,37.17 2 1
github.com/WeCanHearYou/wchy/app/renderer.go:31.18,33.3 1 1
github.com/WeCanHearYou/wchy/app/renderer.go:41.41,43.16 2 1
github.com/WeCanHearYou/wchy/app/renderer.go:47.2,47.25 1 1
github.com/WeCanHearYou/wchy/app/renderer.go:43.16,45.3 1 0
github.com/WeCanHearYou/wchy/app/renderer.go:51.97,52.25 1 0
github.com/WeCanHearYou/wchy/app/renderer.go:56.2,57.9 2 0
github.com/WeCanHearYou/wchy/app/renderer.go:61.2,62.28 2 0
github.com/WeCanHearYou/wchy/app/renderer.go:67.2,71.8 4 0
github.com/WeCanHearYou/wchy/app/renderer.go:75.2,77.27 2 0
github.com/WeCanHearYou/wchy/app/renderer.go:52.25,54.3 1 0
github.com/WeCanHearYou/wchy/app/renderer.go:57.9,58.60 1 0
github.com/WeCanHearYou/wchy/app/renderer.go:62.28,64.3 1 0
github.com/WeCanHearYou/wchy/app/renderer.go:71.8,74.3 2 0
github.com/WeCanHearYou/wchy/app/renderer.go:80.36,84.2 3 0
github.com/WeCanHearYou/wchy/app/router.go:31.44,32.45 1 0
github.com/WeCanHearYou/wchy/app/router.go:32.45,35.3 2 0
github.com/WeCanHearYou/wchy/app/router.go:35.3,38.3 2 0
github.com/WeCanHearYou/wchy/app/router.go:41.33,45.24 3 0
github.com/WeCanHearYou/wchy/app/router.go:51.2,51.15 1 0
github.com/WeCanHearYou/wchy/app/router.go:45.24,47.3 1 0
github.com/WeCanHearYou/wchy/app/router.go:47.3,49.3 1 0
github.com/WeCanHearYou/wchy/app/router.go:55.50,67.2 9 0
github.com/WeCanHearYou/wchy/app/router.go:74.2,75.2 2 0
github.com/WeCanHearYou/wchy/app/router.go:85.2,85.15 1 0
github.com/WeCanHearYou/wchy/app/router.go:67.2,72.3 4 0
github.com/WeCanHearYou/wchy/app/router.go:75.2,83.3 6 0
github.com/WeCanHearYou/wchy/feedback/handler.go:13.54,15.2 1 1
github.com/WeCanHearYou/wchy/feedback/handler.go:17.47,18.36 1 1
github.com/WeCanHearYou/wchy/feedback/handler.go:18.36,25.3 3 1
github.com/WeCanHearYou/wchy/identity/handler.go:24.78,26.2 1 1
github.com/WeCanHearYou/wchy/identity/handler.go:29.67,30.36 1 0
github.com/WeCanHearYou/wchy/identity/handler.go:30.36,37.57 5 0
github.com/WeCanHearYou/wchy/identity/handler.go:44.3,45.17 2 0
github.com/WeCanHearYou/wchy/identity/handler.go:50.3,51.17 2 0
github.com/WeCanHearYou/wchy/identity/handler.go:73.3,80.46 3 0
github.com/WeCanHearYou/wchy/identity/handler.go:85.3,88.72 4 0
github.com/WeCanHearYou/wchy/identity/handler.go:37.57,40.4 2 0
github.com/WeCanHearYou/wchy/identity/handler.go:45.17,48.4 2 0
github.com/WeCanHearYou/wchy/identity/handler.go:51.17,52.26 1 0
github.com/WeCanHearYou/wchy/identity/handler.go:52.26,65.19 3 0
github.com/WeCanHearYou/wchy/identity/handler.go:65.19,67.6 1 0
github.com/WeCanHearYou/wchy/identity/handler.go:68.5,70.5 1 0
github.com/WeCanHearYou/wchy/identity/handler.go:80.46,83.4 2 0
github.com/WeCanHearYou/wchy/identity/handler.go:93.64,94.36 1 1
github.com/WeCanHearYou/wchy/identity/handler.go:94.36,97.3 2 1
github.com/WeCanHearYou/wchy/identity/handler.go:101.50,102.36 1 0
github.com/WeCanHearYou/wchy/identity/handler.go:102.36,109.3 2 0
github.com/WeCanHearYou/wchy/identity/jwt.go:19.49,22.2 2 5
github.com/WeCanHearYou/wchy/identity/jwt.go:25.48,27.94 2 2
github.com/WeCanHearYou/wchy/identity/jwt.go:31.2,31.34 1 2
github.com/WeCanHearYou/wchy/identity/jwt.go:35.2,35.17 1 0
github.com/WeCanHearYou/wchy/identity/jwt.go:27.94,29.3 1 2
github.com/WeCanHearYou/wchy/identity/jwt.go:31.34,33.3 1 2
github.com/WeCanHearYou/wchy/identity/middleware.go:13.67,14.54 1 6
github.com/WeCanHearYou/wchy/identity/middleware.go:14.54,15.37 1 6
github.com/WeCanHearYou/wchy/identity/middleware.go:15.37,18.18 3 6
github.com/WeCanHearYou/wchy/identity/middleware.go:23.4,24.43 2 1
github.com/WeCanHearYou/wchy/identity/middleware.go:18.18,21.5 2 5
github.com/WeCanHearYou/wchy/identity/middleware.go:30.38,31.54 1 2
github.com/WeCanHearYou/wchy/identity/middleware.go:31.54,32.37 1 2
github.com/WeCanHearYou/wchy/identity/middleware.go:32.37,34.51 1 2
github.com/WeCanHearYou/wchy/identity/middleware.go:42.4,42.18 1 2
github.com/WeCanHearYou/wchy/identity/middleware.go:34.51,35.56 1 1
github.com/WeCanHearYou/wchy/identity/middleware.go:35.56,37.6 1 1
github.com/WeCanHearYou/wchy/identity/middleware.go:37.6,39.6 1 0
github.com/WeCanHearYou/wchy/identity/middleware.go:48.38,49.54 1 3
github.com/WeCanHearYou/wchy/identity/middleware.go:49.54,50.37 1 3
github.com/WeCanHearYou/wchy/identity/middleware.go:50.37,55.17 3 3
github.com/WeCanHearYou/wchy/identity/middleware.go:78.4,78.18 1 1
github.com/WeCanHearYou/wchy/identity/middleware.go:55.17,63.31 3 2
github.com/WeCanHearYou/wchy/identity/middleware.go:67.5,71.26 4 2
github.com/WeCanHearYou/wchy/identity/middleware.go:75.5,75.57 1 2
github.com/WeCanHearYou/wchy/identity/middleware.go:63.31,65.6 1 0
github.com/WeCanHearYou/wchy/identity/middleware.go:71.26,73.6 1 1
github.com/WeCanHearYou/wchy/identity/middleware.go:84.54,85.54 1 2
github.com/WeCanHearYou/wchy/identity/middleware.go:85.54,86.37 1 2
github.com/WeCanHearYou/wchy/identity/middleware.go:86.37,89.34 2 2
github.com/WeCanHearYou/wchy/identity/middleware.go:94.4,94.18 1 1
github.com/WeCanHearYou/wchy/identity/middleware.go:89.34,92.5 2 1
github.com/WeCanHearYou/wchy/identity/middleware.go:99.40,101.17 2 6
github.com/WeCanHearYou/wchy/identity/middleware.go:104.2,104.25 1 3
github.com/WeCanHearYou/wchy/identity/middleware.go:101.17,103.3 1 3
github.com/WeCanHearYou/wchy/identity/oauth.go:34.49,36.5 1 0
github.com/WeCanHearYou/wchy/identity/oauth.go:46.49,48.5 1 0
github.com/WeCanHearYou/wchy/identity/oauth.go:63.45,66.16 3 0
github.com/WeCanHearYou/wchy/identity/oauth.go:70.2,71.16 2 0
github.com/WeCanHearYou/wchy/identity/oauth.go:75.2,75.33 1 0
github.com/WeCanHearYou/wchy/identity/oauth.go:66.16,68.3 1 0
github.com/WeCanHearYou/wchy/identity/oauth.go:71.16,73.3 1 0
github.com/WeCanHearYou/wchy/identity/oauth.go:95.79,107.2 10 0
github.com/WeCanHearYou/wchy/identity/oauth.go:110.95,113.16 3 0
github.com/WeCanHearYou/wchy/identity/oauth.go:117.2,118.71 2 0
github.com/WeCanHearYou/wchy/identity/oauth.go:122.2,122.21 1 0
github.com/WeCanHearYou/wchy/identity/oauth.go:113.16,115.3 1 0
github.com/WeCanHearYou/wchy/identity/oauth.go:118.71,120.3 1 0
github.com/WeCanHearYou/wchy/postgres/app.go:11.55,13.16 2 2
github.com/WeCanHearYou/wchy/postgres/app.go:17.2,17.13 1 1
github.com/WeCanHearYou/wchy/postgres/app.go:13.16,15.3 1 1
github.com/WeCanHearYou/wchy/postgres/feedback.go:15.73,17.16 2 2
github.com/WeCanHearYou/wchy/postgres/feedback.go:21.2,22.18 2 1
github.com/WeCanHearYou/wchy/postgres/feedback.go:28.2,28.19 1 1
github.com/WeCanHearYou/wchy/postgres/feedback.go:17.16,19.3 1 1
github.com/WeCanHearYou/wchy/postgres/feedback.go:22.18,26.3 3 2
github.com/WeCanHearYou/wchy/postgres/identity.go:17.73,21.68 3 2
github.com/WeCanHearYou/wchy/postgres/identity.go:25.2,25.18 1 1
github.com/WeCanHearYou/wchy/postgres/identity.go:21.68,23.3 1 1
github.com/WeCanHearYou/wchy/postgres/identity.go:29.60,31.16 2 2
github.com/WeCanHearYou/wchy/postgres/identity.go:35.2,35.137 1 2
github.com/WeCanHearYou/wchy/postgres/identity.go:40.2,40.42 1 2
github.com/WeCanHearYou/wchy/postgres/identity.go:47.2,47.20 1 2
github.com/WeCanHearYou/wchy/postgres/identity.go:31.16,33.3 1 0
github.com/WeCanHearYou/wchy/postgres/identity.go:35.137,38.3 2 0
github.com/WeCanHearYou/wchy/postgres/identity.go:40.42,41.157 1 3
github.com/WeCanHearYou/wchy/postgres/identity.go:41.157,44.4 2 0
github.com/WeCanHearYou/wchy/postgres/identity.go:56.79,61.16 4 3
github.com/WeCanHearYou/wchy/postgres/identity.go:65.2,66.20 2 2
github.com/WeCanHearYou/wchy/postgres/identity.go:61.16,63.3 1 1
github.com/WeCanHearYou/wchy/postgres/identity.go:69.45,70.50 1 3
github.com/WeCanHearYou/wchy/postgres/identity.go:73.2,73.15 1 2
github.com/WeCanHearYou/wchy/postgres/identity.go:70.50,72.3 1 1
github.com/WeCanHearYou/wchy/toolbox/env/env.go:8.63,10.17 2 2
github.com/WeCanHearYou/wchy/toolbox/env/env.go:13.2,13.14 1 1
github.com/WeCanHearYou/wchy/toolbox/env/env.go:10.17,12.3 1 1
github.com/WeCanHearYou/wchy/toolbox/env/env.go:17.34,19.17 2 0
github.com/WeCanHearYou/wchy/toolbox/env/env.go:22.2,22.14 1 0
github.com/WeCanHearYou/wchy/toolbox/env/env.go:19.17,20.76 1 0
github.com/WeCanHearYou/wchy/toolbox/env/env.go:26.32,28.13 2 5
github.com/WeCanHearYou/wchy/toolbox/env/env.go:36.2,36.25 1 2
github.com/WeCanHearYou/wchy/toolbox/env/env.go:29.2,30.31 1 1
github.com/WeCanHearYou/wchy/toolbox/env/env.go:31.2,32.30 1 1
github.com/WeCanHearYou/wchy/toolbox/env/env.go:33.2,34.34 1 1
github.com/WeCanHearYou/wchy/toolbox/env/env.go:41.23,43.13 2 10
github.com/WeCanHearYou/wchy/toolbox/env/env.go:51.2,51.22 1 4
github.com/WeCanHearYou/wchy/toolbox/env/env.go:44.2,45.16 1 2
github.com/WeCanHearYou/wchy/toolbox/env/env.go:46.2,47.19 1 2
github.com/WeCanHearYou/wchy/toolbox/env/env.go:48.2,49.22 1 2
github.com/WeCanHearYou/wchy/toolbox/env/env.go:55.26,57.2 1 1
github.com/WeCanHearYou/wchy/toolbox/env/env.go:60.23,62.2 1 1
github.com/WeCanHearYou/wchy/toolbox/env/env.go:65.20,67.2 1 1
github.com/WeCanHearYou/wchy/toolbox/env/env.go:70.27,72.2 1 2
